<?xml version="1.0" encoding="UTF-8"?>
<testsuite xmlns:xsi="http://www.w3.org/2001/XMLSchema-instance" xsi:noNamespaceSchemaLocation="https://maven.apache.org/surefire/maven-surefire-plugin/xsd/surefire-test-report.xsd" name="com.example.demo.DemoApplicationTests" time="4.218" tests="1" errors="0" skipped="0" failures="0">
  <properties>
    <property name="sun.desktop" value="gnome"/>
    <property name="awt.toolkit" value="sun.awt.X11.XToolkit"/>
    <property name="file.encoding.pkg" value="sun.io"/>
    <property name="java.specification.version" value="1.8"/>
    <property name="sun.cpu.isalist" value=""/>
    <property name="sun.jnu.encoding" value="UTF-8"/>
    <property name="java.class.path" value="/home/eric/Downloads/manual/target/test-classes:/home/eric/Downloads/manual/target/classes:/home/eric/.m2/repository/com/vaadin/vaadin-spring-boot-starter/14.5.1/vaadin-spring-boot-starter-14.5.1.jar:/home/eric/.m2/repository/com/vaadin/vaadin-spring/12.3.3/vaadin-spring-12.3.3.jar:/home/eric/.m2/repository/com/vaadin/flow-server/2.5.1/flow-server-2.5.1.jar:/home/eric/.m2/repository/com/vaadin/external/gwt/gwt-elemental/2.8.2.vaadin2/gwt-elemental-2.8.2.vaadin2.jar:/home/eric/.m2/repository/commons-fileupload/commons-fileupload/1.3.3/commons-fileupload-1.3.3.jar:/home/eric/.m2/repository/commons-io/commons-io/2.5/commons-io-2.5.jar:/home/eric/.m2/repository/org/jsoup/jsoup/1.12.1/jsoup-1.12.1.jar:/home/eric/.m2/repository/com/helger/ph-css/6.1.1/ph-css-6.1.1.jar:/home/eric/.m2/repository/com/helger/ph-commons/9.1.2/ph-commons-9.1.2.jar:/home/eric/.m2/repository/com/vaadin/external/gentyref/1.2.0.vaadin1/gentyref-1.2.0.vaadin1.jar:/home/eric/.m2/repository/org/apache/commons/commons-compress/1.19/commons-compress-1.19.jar:/home/eric/.m2/repository/org/apache/httpcomponents/httpclient/4.5.13/httpclient-4.5.13.jar:/home/eric/.m2/repository/org/apache/httpcomponents/httpcore/4.4.14/httpcore-4.4.14.jar:/home/eric/.m2/repository/commons-codec/commons-codec/1.15/commons-codec-1.15.jar:/home/eric/.m2/repository/com/vaadin/flow-push/2.5.1/flow-push-2.5.1.jar:/home/eric/.m2/repository/com/vaadin/external/atmosphere/atmosphere-runtime/2.4.30.slf4jvaadin1/atmosphere-runtime-2.4.30.slf4jvaadin1.jar:/home/eric/.m2/repository/com/vaadin/flow-client/2.5.1/flow-client-2.5.1.jar:/home/eric/.m2/repository/org/springframework/spring-webmvc/5.3.5/spring-webmvc-5.3.5.jar:/home/eric/.m2/repository/org/springframework/spring-aop/5.3.5/spring-aop-5.3.5.jar:/home/eric/.m2/repository/org/springframework/spring-expression/5.3.5/spring-expression-5.3.5.jar:/home/eric/.m2/repository/org/springframework/spring-websocket/5.3.5/spring-websocket-5.3.5.jar:/home/eric/.m2/repository/com/vaadin/vaadin-core/14.5.1/vaadin-core-14.5.1.jar:/home/eric/.m2/repository/com/vaadin/flow-lit-template/2.5.1/flow-lit-template-2.5.1.jar:/home/eric/.m2/repository/com/vaadin/flow-html-components/2.5.1/flow-html-components-2.5.1.jar:/home/eric/.m2/repository/com/vaadin/flow-data/2.5.1/flow-data-2.5.1.jar:/home/eric/.m2/repository/javax/validation/validation-api/2.0.1.Final/validation-api-2.0.1.Final.jar:/home/eric/.m2/repository/com/vaadin/flow-dnd/2.5.1/flow-dnd-2.5.1.jar:/home/eric/.m2/repository/org/webjars/npm/vaadin__vaadin-mobile-drag-drop/1.0.0/vaadin__vaadin-mobile-drag-drop-1.0.0.jar:/home/eric/.m2/repository/org/webjars/npm/mobile-drag-drop/2.3.0-rc.1/mobile-drag-drop-2.3.0-rc.1.jar:/home/eric/.m2/repository/com/vaadin/vaadin-lumo-theme/2.5.1/vaadin-lumo-theme-2.5.1.jar:/home/eric/.m2/repository/com/vaadin/vaadin-material-theme/2.5.1/vaadin-material-theme-2.5.1.jar:/home/eric/.m2/repository/com/vaadin/vaadin-accordion-flow/14.5.1/vaadin-accordion-flow-14.5.1.jar:/home/eric/.m2/repository/org/webjars/bowergithub/vaadin/vaadin-accordion/1.2.0/vaadin-accordion-1.2.0.jar:/home/eric/.m2/repository/com/vaadin/vaadin-avatar-flow/14.5.1/vaadin-avatar-flow-14.5.1.jar:/home/eric/.m2/repository/org/webjars/bowergithub/vaadin/vaadin-avatar/1.0.4/vaadin-avatar-1.0.4.jar:/home/eric/.m2/repository/org/webjars/bowergithub/polymerelements/iron-a11y-announcer/2.1.0/iron-a11y-announcer-2.1.0.jar:/home/eric/.m2/repository/org/webjars/bowergithub/vaadin/vaadin-list-box/1.4.0/vaadin-list-box-1.4.0.jar:/home/eric/.m2/repository/org/webjars/bowergithub/vaadin/vaadin-list-mixin/2.5.1/vaadin-list-mixin-2.5.1.jar:/home/eric/.m2/repository/org/webjars/bowergithub/vaadin/vaadin-item/2.3.0/vaadin-item-2.3.0.jar:/home/eric/.m2/repository/org/webjars/bowergithub/vaadin/vaadin-overlay/3.5.1/vaadin-overlay-3.5.1.jar:/home/eric/.m2/repository/org/webjars/bowergithub/vaadin/vaadin-control-state-mixin/2.2.4/vaadin-control-state-mixin-2.2.4.jar:/home/eric/.m2/repository/com/vaadin/vaadin-button-flow/14.5.1/vaadin-button-flow-14.5.1.jar:/home/eric/.m2/repository/org/webjars/bowergithub/vaadin/vaadin-button/2.4.0/vaadin-button-2.4.0.jar:/home/eric/.m2/repository/com/vaadin/vaadin-checkbox-flow/14.5.1/vaadin-checkbox-flow-14.5.1.jar:/home/eric/.m2/repository/org/webjars/bowergithub/vaadin/vaadin-checkbox/2.5.0/vaadin-checkbox-2.5.0.jar:/home/eric/.m2/repository/com/vaadin/vaadin-combo-box-flow/14.5.1/vaadin-combo-box-flow-14.5.1.jar:/home/eric/.m2/repository/org/webjars/bowergithub/vaadin/vaadin-combo-box/5.4.7/vaadin-combo-box-5.4.7.jar:/home/eric/.m2/repository/org/webjars/bowergithub/vaadin/vaadin-text-field/2.8.4/vaadin-text-field-2.8.4.jar:/home/eric/.m2/repository/org/webjars/bowergithub/polymerelements/iron-list/2.0.20/iron-list-2.0.20.jar:/home/eric/.m2/repository/org/webjars/bowergithub/polymerelements/iron-scroll-target-behavior/2.1.1/iron-scroll-target-behavior-2.1.1.jar:/home/eric/.m2/repository/org/webjars/bowergithub/polymerelements/iron-a11y-keys-behavior/2.1.1/iron-a11y-keys-behavior-2.1.1.jar:/home/eric/.m2/repository/org/webjars/bowergithub/polymerelements/iron-overlay-behavior/2.3.4/iron-overlay-behavior-2.3.4.jar:/home/eric/.m2/repository/org/webjars/bowergithub/polymerelements/iron-fit-behavior/2.2.1/iron-fit-behavior-2.2.1.jar:/home/eric/.m2/repository/com/vaadin/vaadin-custom-field-flow/14.5.1/vaadin-custom-field-flow-14.5.1.jar:/home/eric/.m2/repository/org/webjars/bowergithub/vaadin/vaadin-custom-field/1.3.0/vaadin-custom-field-1.3.0.jar:/home/eric/.m2/repository/com/vaadin/vaadin-date-picker-flow/14.5.1/vaadin-date-picker-flow-14.5.1.jar:/home/eric/.m2/repository/org/webjars/bowergithub/vaadin/vaadin-date-picker/4.4.1/vaadin-date-picker-4.4.1.jar:/home/eric/.m2/repository/org/webjars/bowergithub/polymerelements/iron-media-query/2.1.0/iron-media-query-2.1.0.jar:/home/eric/.m2/repository/com/vaadin/vaadin-date-time-picker-flow/14.5.1/vaadin-date-time-picker-flow-14.5.1.jar:/home/eric/.m2/repository/org/webjars/bowergithub/vaadin/vaadin-date-time-picker/1.4.0/vaadin-date-time-picker-1.4.0.jar:/home/eric/.m2/repository/org/webjars/bowergithub/vaadin/vaadin-time-picker/2.4.0/vaadin-time-picker-2.4.0.jar:/home/eric/.m2/repository/com/vaadin/vaadin-details-flow/14.5.1/vaadin-details-flow-14.5.1.jar:/home/eric/.m2/repository/org/webjars/bowergithub/vaadin/vaadin-details/1.2.0/vaadin-details-1.2.0.jar:/home/eric/.m2/repository/com/vaadin/vaadin-time-picker-flow/14.5.1/vaadin-time-picker-flow-14.5.1.jar:/home/eric/.m2/repository/com/vaadin/vaadin-select-flow/14.5.1/vaadin-select-flow-14.5.1.jar:/home/eric/.m2/repository/org/webjars/bowergithub/vaadin/vaadin-select/2.4.0/vaadin-select-2.4.0.jar:/home/eric/.m2/repository/com/vaadin/vaadin-dialog-flow/14.5.1/vaadin-dialog-flow-14.5.1.jar:/home/eric/.m2/repository/org/webjars/bowergithub/vaadin/vaadin-dialog/2.5.2/vaadin-dialog-2.5.2.jar:/home/eric/.m2/repository/com/vaadin/vaadin-form-layout-flow/14.5.1/vaadin-form-layout-flow-14.5.1.jar:/home/eric/.m2/repository/org/webjars/bowergithub/vaadin/vaadin-form-layout/2.3.0/vaadin-form-layout-2.3.0.jar:/home/eric/.m2/repository/com/vaadin/vaadin-grid-flow/14.5.1/vaadin-grid-flow-14.5.1.jar:/home/eric/.m2/repository/org/webjars/bowergithub/vaadin/vaadin-grid/5.7.11/vaadin-grid-5.7.11.jar:/home/eric/.m2/repository/org/apache/commons/commons-lang3/3.11/commons-lang3-3.11.jar:/home/eric/.m2/repository/com/vaadin/vaadin-icons-flow/14.5.1/vaadin-icons-flow-14.5.1.jar:/home/eric/.m2/repository/org/webjars/bowergithub/vaadin/vaadin-icons/4.3.2/vaadin-icons-4.3.2.jar:/home/eric/.m2/repository/com/vaadin/vaadin-iron-list-flow/14.5.1/vaadin-iron-list-flow-14.5.1.jar:/home/eric/.m2/repository/com/vaadin/vaadin-list-box-flow/14.5.1/vaadin-list-box-flow-14.5.1.jar:/home/eric/.m2/repository/com/vaadin/vaadin-login-flow/14.5.1/vaadin-login-flow-14.5.1.jar:/home/eric/.m2/repository/org/webjars/bowergithub/vaadin/vaadin-login/1.2.0/vaadin-login-1.2.0.jar:/home/eric/.m2/repository/com/vaadin/vaadin-ordered-layout-flow/14.5.1/vaadin-ordered-layout-flow-14.5.1.jar:/home/eric/.m2/repository/org/webjars/bowergithub/vaadin/vaadin-ordered-layout/1.4.0/vaadin-ordered-layout-1.4.0.jar:/home/eric/.m2/repository/com/vaadin/vaadin-progress-bar-flow/14.5.1/vaadin-progress-bar-flow-14.5.1.jar:/home/eric/.m2/repository/org/webjars/bowergithub/vaadin/vaadin-progress-bar/1.3.0/vaadin-progress-bar-1.3.0.jar:/home/eric/.m2/repository/com/vaadin/vaadin-radio-button-flow/14.5.1/vaadin-radio-button-flow-14.5.1.jar:/home/eric/.m2/repository/org/webjars/bowergithub/vaadin/vaadin-radio-button/1.5.1/vaadin-radio-button-1.5.1.jar:/home/eric/.m2/repository/com/vaadin/vaadin-split-layout-flow/14.5.1/vaadin-split-layout-flow-14.5.1.jar:/home/eric/.m2/repository/org/webjars/bowergithub/vaadin/vaadin-split-layout/4.3.0/vaadin-split-layout-4.3.0.jar:/home/eric/.m2/repository/com/vaadin/vaadin-tabs-flow/14.5.1/vaadin-tabs-flow-14.5.1.jar:/home/eric/.m2/repository/org/webjars/bowergithub/vaadin/vaadin-tabs/3.2.0/vaadin-tabs-3.2.0.jar:/home/eric/.m2/repository/com/vaadin/vaadin-text-field-flow/14.5.1/vaadin-text-field-flow-14.5.1.jar:/home/eric/.m2/repository/com/vaadin/vaadin-upload-flow/14.5.1/vaadin-upload-flow-14.5.1.jar:/home/eric/.m2/repository/org/webjars/bowergithub/vaadin/vaadin-upload/4.4.1/vaadin-upload-4.4.1.jar:/home/eric/.m2/repository/com/vaadin/vaadin-notification-flow/14.5.1/vaadin-notification-flow-14.5.1.jar:/home/eric/.m2/repository/org/webjars/bowergithub/vaadin/vaadin-notification/1.6.1/vaadin-notification-1.6.1.jar:/home/eric/.m2/repository/com/vaadin/vaadin-app-layout-flow/14.5.1/vaadin-app-layout-flow-14.5.1.jar:/home/eric/.m2/repository/org/webjars/bowergithub/vaadin/vaadin-app-layout/2.2.0/vaadin-app-layout-2.2.0.jar:/home/eric/.m2/repository/com/vaadin/vaadin-context-menu-flow/14.5.1/vaadin-context-menu-flow-14.5.1.jar:/home/eric/.m2/repository/org/webjars/bowergithub/vaadin/vaadin-context-menu/4.5.0/vaadin-context-menu-4.5.0.jar:/home/eric/.m2/repository/com/vaadin/vaadin-menu-bar-flow/14.5.1/vaadin-menu-bar-flow-14.5.1.jar:/home/eric/.m2/repository/org/webjars/bowergithub/vaadin/vaadin-menu-bar/1.2.2/vaadin-menu-bar-1.2.2.jar:/home/eric/.m2/repository/org/springframework/boot/spring-boot-starter-web/2.4.4/spring-boot-starter-web-2.4.4.jar:/home/eric/.m2/repository/org/springframework/boot/spring-boot-starter-json/2.4.4/spring-boot-starter-json-2.4.4.jar:/home/eric/.m2/repository/com/fasterxml/jackson/datatype/jackson-datatype-jdk8/2.11.4/jackson-datatype-jdk8-2.11.4.jar:/home/eric/.m2/repository/com/fasterxml/jackson/datatype/jackson-datatype-jsr310/2.11.4/jackson-datatype-jsr310-2.11.4.jar:/home/eric/.m2/repository/com/fasterxml/jackson/module/jackson-module-parameter-names/2.11.4/jackson-module-parameter-names-2.11.4.jar:/home/eric/.m2/repository/org/springframework/boot/spring-boot-starter-tomcat/2.4.4/spring-boot-starter-tomcat-2.4.4.jar:/home/eric/.m2/repository/org/apache/tomcat/embed/tomcat-embed-core/9.0.44/tomcat-embed-core-9.0.44.jar:/home/eric/.m2/repository/org/glassfish/jakarta.el/3.0.3/jakarta.el-3.0.3.jar:/home/eric/.m2/repository/org/apache/tomcat/embed/tomcat-embed-websocket/9.0.44/tomcat-embed-websocket-9.0.44.jar:/home/eric/.m2/repository/org/springframework/cloud/spring-cloud-starter-openfeign/3.0.2/spring-cloud-starter-openfeign-3.0.2.jar:/home/eric/.m2/repository/org/springframework/cloud/spring-cloud-starter/3.0.2/spring-cloud-starter-3.0.2.jar:/home/eric/.m2/repository/org/springframework/cloud/spring-cloud-context/3.0.2/spring-cloud-context-3.0.2.jar:/home/eric/.m2/repository/org/springframework/security/spring-security-rsa/1.0.9.RELEASE/spring-security-rsa-1.0.9.RELEASE.jar:/home/eric/.m2/repository/org/bouncycastle/bcpkix-jdk15on/1.64/bcpkix-jdk15on-1.64.jar:/home/eric/.m2/repository/org/bouncycastle/bcprov-jdk15on/1.64/bcprov-jdk15on-1.64.jar:/home/eric/.m2/repository/org/springframework/cloud/spring-cloud-openfeign-core/3.0.2/spring-cloud-openfeign-core-3.0.2.jar:/home/eric/.m2/repository/org/springframework/boot/spring-boot-starter-aop/2.4.4/spring-boot-starter-aop-2.4.4.jar:/home/eric/.m2/repository/org/aspectj/aspectjweaver/1.9.6/aspectjweaver-1.9.6.jar:/home/eric/.m2/repository/io/github/openfeign/form/feign-form-spring/3.8.0/feign-form-spring-3.8.0.jar:/home/eric/.m2/repository/io/github/openfeign/form/feign-form/3.8.0/feign-form-3.8.0.jar:/home/eric/.m2/repository/org/springframework/spring-web/5.3.5/spring-web-5.3.5.jar:/home/eric/.m2/repository/org/springframework/spring-beans/5.3.5/spring-beans-5.3.5.jar:/home/eric/.m2/repository/org/springframework/cloud/spring-cloud-commons/3.0.2/spring-cloud-commons-3.0.2.jar:/home/eric/.m2/repository/org/springframework/security/spring-security-crypto/5.4.5/spring-security-crypto-5.4.5.jar:/home/eric/.m2/repository/io/github/openfeign/feign-core/10.10.1/feign-core-10.10.1.jar:/home/eric/.m2/repository/io/github/openfeign/feign-slf4j/10.10.1/feign-slf4j-10.10.1.jar:/home/eric/.m2/repository/org/slf4j/slf4j-api/1.7.30/slf4j-api-1.7.30.jar:/home/eric/.m2/repository/com/vaadin/vaadin-board-flow/14.5.1/vaadin-board-flow-14.5.1.jar:/home/eric/.m2/repository/com/vaadin/webjar/vaadin-board/2.2.0/vaadin-board-2.2.0.jar:/home/eric/.m2/repository/org/webjars/bowergithub/vaadin/license-checker/2.1.2/license-checker-2.1.2.jar:/home/eric/.m2/repository/org/webjars/bowergithub/polymerelements/iron-resizable-behavior/2.1.1/iron-resizable-behavior-2.1.1.jar:/home/eric/.m2/repository/org/webjars/bowergithub/polymer/polymer/2.7.0/polymer-2.7.0.jar:/home/eric/.m2/repository/org/webjars/bowergithub/webcomponents/webcomponentsjs/1.2.6/webcomponentsjs-1.2.6.jar:/home/eric/.m2/repository/org/webjars/bowergithub/webcomponents/shadycss/1.8.0/shadycss-1.8.0.jar:/home/eric/.m2/repository/org/webjars/bowergithub/vaadin/vaadin-element-mixin/2.4.2/vaadin-element-mixin-2.4.2.jar:/home/eric/.m2/repository/org/webjars/bowergithub/vaadin/vaadin-usage-statistics/2.1.0/vaadin-usage-statistics-2.1.0.jar:/home/eric/.m2/repository/org/webjars/bowergithub/vaadin/vaadin-development-mode-detector/2.0.4/vaadin-development-mode-detector-2.0.4.jar:/home/eric/.m2/repository/com/vaadin/vaadin-charts-flow/14.5.1/vaadin-charts-flow-14.5.1.jar:/home/eric/.m2/repository/com/vaadin/webjar/vaadin-charts/6.3.1/vaadin-charts-6.3.1.jar:/home/eric/.m2/repository/org/webjars/bowergithub/vaadin/vaadin-themable-mixin/1.6.2/vaadin-themable-mixin-1.6.2.jar:/home/eric/.m2/repository/com/fasterxml/jackson/core/jackson-databind/2.11.4/jackson-databind-2.11.4.jar:/home/eric/.m2/repository/com/fasterxml/jackson/core/jackson-annotations/2.11.4/jackson-annotations-2.11.4.jar:/home/eric/.m2/repository/com/fasterxml/jackson/core/jackson-core/2.11.4/jackson-core-2.11.4.jar:/home/eric/.m2/repository/com/vaadin/vaadin-cookie-consent-flow/14.5.1/vaadin-cookie-consent-flow-14.5.1.jar:/home/eric/.m2/repository/com/vaadin/webjar/vaadin-cookie-consent/1.2.0/vaadin-cookie-consent-1.2.0.jar:/home/eric/.m2/repository/org/webjars/bowergithub/insites/cookieconsent/3.1.0/cookieconsent-3.1.0.jar:/home/eric/.m2/repository/org/webjars/bowergithub/vaadin/vaadin-lumo-styles/1.6.1/vaadin-lumo-styles-1.6.1.jar:/home/eric/.m2/repository/org/webjars/bowergithub/vaadin/vaadin-material-styles/1.3.2/vaadin-material-styles-1.3.2.jar:/home/eric/.m2/repository/org/webjars/bowergithub/polymerelements/iron-icon/2.1.0/iron-icon-2.1.0.jar:/home/eric/.m2/repository/org/webjars/bowergithub/polymerelements/iron-iconset-svg/2.2.1/iron-iconset-svg-2.2.1.jar:/home/eric/.m2/repository/org/webjars/bowergithub/polymerelements/iron-flex-layout/2.0.3/iron-flex-layout-2.0.3.jar:/home/eric/.m2/repository/org/webjars/bowergithub/polymerelements/iron-meta/2.1.1/iron-meta-2.1.1.jar:/home/eric/.m2/repository/org/springframework/boot/spring-boot-devtools/2.4.4/spring-boot-devtools-2.4.4.jar:/home/eric/.m2/repository/org/springframework/boot/spring-boot/2.4.4/spring-boot-2.4.4.jar:/home/eric/.m2/repository/org/springframework/spring-context/5.3.5/spring-context-5.3.5.jar:/home/eric/.m2/repository/org/springframework/boot/spring-boot-autoconfigure/2.4.4/spring-boot-autoconfigure-2.4.4.jar:/home/eric/.m2/repository/org/projectlombok/lombok/1.18.18/lombok-1.18.18.jar:/home/eric/.m2/repository/org/springframework/boot/spring-boot-starter-test/2.4.4/spring-boot-starter-test-2.4.4.jar:/home/eric/.m2/repository/org/springframework/boot/spring-boot-starter/2.4.4/spring-boot-starter-2.4.4.jar:/home/eric/.m2/repository/org/springframework/boot/spring-boot-starter-logging/2.4.4/spring-boot-starter-logging-2.4.4.jar:/home/eric/.m2/repository/ch/qos/logback/logback-classic/1.2.3/logback-classic-1.2.3.jar:/home/eric/.m2/repository/ch/qos/logback/logback-core/1.2.3/logback-core-1.2.3.jar:/home/eric/.m2/repository/org/apache/logging/log4j/log4j-to-slf4j/2.13.3/log4j-to-slf4j-2.13.3.jar:/home/eric/.m2/repository/org/apache/logging/log4j/log4j-api/2.13.3/log4j-api-2.13.3.jar:/home/eric/.m2/repository/org/slf4j/jul-to-slf4j/1.7.30/jul-to-slf4j-1.7.30.jar:/home/eric/.m2/repository/jakarta/annotation/jakarta.annotation-api/1.3.5/jakarta.annotation-api-1.3.5.jar:/home/eric/.m2/repository/org/yaml/snakeyaml/1.27/snakeyaml-1.27.jar:/home/eric/.m2/repository/org/springframework/boot/spring-boot-test/2.4.4/spring-boot-test-2.4.4.jar:/home/eric/.m2/repository/org/springframework/boot/spring-boot-test-autoconfigure/2.4.4/spring-boot-test-autoconfigure-2.4.4.jar:/home/eric/.m2/repository/com/jayway/jsonpath/json-path/2.4.0/json-path-2.4.0.jar:/home/eric/.m2/repository/net/minidev/json-smart/2.3/json-smart-2.3.jar:/home/eric/.m2/repository/net/minidev/accessors-smart/1.2/accessors-smart-1.2.jar:/home/eric/.m2/repository/org/ow2/asm/asm/5.0.4/asm-5.0.4.jar:/home/eric/.m2/repository/jakarta/xml/bind/jakarta.xml.bind-api/2.3.3/jakarta.xml.bind-api-2.3.3.jar:/home/eric/.m2/repository/jakarta/activation/jakarta.activation-api/1.2.2/jakarta.activation-api-1.2.2.jar:/home/eric/.m2/repository/org/assertj/assertj-core/3.18.1/assertj-core-3.18.1.jar:/home/eric/.m2/repository/org/hamcrest/hamcrest/2.2/hamcrest-2.2.jar:/home/eric/.m2/repository/org/junit/jupiter/junit-jupiter/5.7.1/junit-jupiter-5.7.1.jar:/home/eric/.m2/repository/org/junit/jupiter/junit-jupiter-api/5.7.1/junit-jupiter-api-5.7.1.jar:/home/eric/.m2/repository/org/apiguardian/apiguardian-api/1.1.0/apiguardian-api-1.1.0.jar:/home/eric/.m2/repository/org/opentest4j/opentest4j/1.2.0/opentest4j-1.2.0.jar:/home/eric/.m2/repository/org/junit/platform/junit-platform-commons/1.7.1/junit-platform-commons-1.7.1.jar:/home/eric/.m2/repository/org/junit/jupiter/junit-jupiter-params/5.7.1/junit-jupiter-params-5.7.1.jar:/home/eric/.m2/repository/org/junit/jupiter/junit-jupiter-engine/5.7.1/junit-jupiter-engine-5.7.1.jar:/home/eric/.m2/repository/org/junit/platform/junit-platform-engine/1.7.1/junit-platform-engine-1.7.1.jar:/home/eric/.m2/repository/org/mockito/mockito-core/3.6.28/mockito-core-3.6.28.jar:/home/eric/.m2/repository/net/bytebuddy/byte-buddy/1.10.22/byte-buddy-1.10.22.jar:/home/eric/.m2/repository/net/bytebuddy/byte-buddy-agent/1.10.22/byte-buddy-agent-1.10.22.jar:/home/eric/.m2/repository/org/objenesis/objenesis/3.1/objenesis-3.1.jar:/home/eric/.m2/repository/org/mockito/mockito-junit-jupiter/3.6.28/mockito-junit-jupiter-3.6.28.jar:/home/eric/.m2/repository/org/skyscreamer/jsonassert/1.5.0/jsonassert-1.5.0.jar:/home/eric/.m2/repository/com/vaadin/external/google/android-json/0.0.20131108.vaadin1/android-json-0.0.20131108.vaadin1.jar:/home/eric/.m2/repository/org/springframework/spring-core/5.3.5/spring-core-5.3.5.jar:/home/eric/.m2/repository/org/springframework/spring-jcl/5.3.5/spring-jcl-5.3.5.jar:/home/eric/.m2/repository/org/springframework/spring-test/5.3.5/spring-test-5.3.5.jar:/home/eric/.m2/repository/org/xmlunit/xmlunit-core/2.7.0/xmlunit-core-2.7.0.jar:"/>
    <property name="java.vm.vendor" value="Private Build"/>
    <property name="sun.arch.data.model" value="64"/>
    <property name="java.vendor.url" value="http://java.oracle.com/"/>
    <property name="user.timezone" value=""/>
    <property name="java.vm.specification.version" value="1.8"/>
    <property name="os.name" value="Linux"/>
    <property name="user.country" value="US"/>
    <property name="sun.java.launcher" value="SUN_STANDARD"/>
    <property name="sun.boot.library.path" value="/usr/lib/jvm/java-8-openjdk-amd64/jre/lib/amd64"/>
    <property name="sun.java.command" value="/home/eric/Downloads/manual/target/surefire/surefirebooter3897677334733819185.jar /home/eric/Downloads/manual/target/surefire 2021-04-06T00-23-22_037-jvmRun1 surefire3571068295054452631tmp surefire_05419131638553392941tmp"/>
    <property name="surefire.test.class.path" value="/home/eric/Downloads/manual/target/test-classes:/home/eric/Downloads/manual/target/classes:/home/eric/.m2/repository/com/vaadin/vaadin-spring-boot-starter/14.5.1/vaadin-spring-boot-starter-14.5.1.jar:/home/eric/.m2/repository/com/vaadin/vaadin-spring/12.3.3/vaadin-spring-12.3.3.jar:/home/eric/.m2/repository/com/vaadin/flow-server/2.5.1/flow-server-2.5.1.jar:/home/eric/.m2/repository/com/vaadin/external/gwt/gwt-elemental/2.8.2.vaadin2/gwt-elemental-2.8.2.vaadin2.jar:/home/eric/.m2/repository/commons-fileupload/commons-fileupload/1.3.3/commons-fileupload-1.3.3.jar:/home/eric/.m2/repository/commons-io/commons-io/2.5/commons-io-2.5.jar:/home/eric/.m2/repository/org/jsoup/jsoup/1.12.1/jsoup-1.12.1.jar:/home/eric/.m2/repository/com/helger/ph-css/6.1.1/ph-css-6.1.1.jar:/home/eric/.m2/repository/com/helger/ph-commons/9.1.2/ph-commons-9.1.2.jar:/home/eric/.m2/repository/com/vaadin/external/gentyref/1.2.0.vaadin1/gentyref-1.2.0.vaadin1.jar:/home/eric/.m2/repository/org/apache/commons/commons-compress/1.19/commons-compress-1.19.jar:/home/eric/.m2/repository/org/apache/httpcomponents/httpclient/4.5.13/httpclient-4.5.13.jar:/home/eric/.m2/repository/org/apache/httpcomponents/httpcore/4.4.14/httpcore-4.4.14.jar:/home/eric/.m2/repository/commons-codec/commons-codec/1.15/commons-codec-1.15.jar:/home/eric/.m2/repository/com/vaadin/flow-push/2.5.1/flow-push-2.5.1.jar:/home/eric/.m2/repository/com/vaadin/external/atmosphere/atmosphere-runtime/2.4.30.slf4jvaadin1/atmosphere-runtime-2.4.30.slf4jvaadin1.jar:/home/eric/.m2/repository/com/vaadin/flow-client/2.5.1/flow-client-2.5.1.jar:/home/eric/.m2/repository/org/springframework/spring-webmvc/5.3.5/spring-webmvc-5.3.5.jar:/home/eric/.m2/repository/org/springframework/spring-aop/5.3.5/spring-aop-5.3.5.jar:/home/eric/.m2/repository/org/springframework/spring-expression/5.3.5/spring-expression-5.3.5.jar:/home/eric/.m2/repository/org/springframework/spring-websocket/5.3.5/spring-websocket-5.3.5.jar:/home/eric/.m2/repository/com/vaadin/vaadin-core/14.5.1/vaadin-core-14.5.1.jar:/home/eric/.m2/repository/com/vaadin/flow-lit-template/2.5.1/flow-lit-template-2.5.1.jar:/home/eric/.m2/repository/com/vaadin/flow-html-components/2.5.1/flow-html-components-2.5.1.jar:/home/eric/.m2/repository/com/vaadin/flow-data/2.5.1/flow-data-2.5.1.jar:/home/eric/.m2/repository/javax/validation/validation-api/2.0.1.Final/validation-api-2.0.1.Final.jar:/home/eric/.m2/repository/com/vaadin/flow-dnd/2.5.1/flow-dnd-2.5.1.jar:/home/eric/.m2/repository/org/webjars/npm/vaadin__vaadin-mobile-drag-drop/1.0.0/vaadin__vaadin-mobile-drag-drop-1.0.0.jar:/home/eric/.m2/repository/org/webjars/npm/mobile-drag-drop/2.3.0-rc.1/mobile-drag-drop-2.3.0-rc.1.jar:/home/eric/.m2/repository/com/vaadin/vaadin-lumo-theme/2.5.1/vaadin-lumo-theme-2.5.1.jar:/home/eric/.m2/repository/com/vaadin/vaadin-material-theme/2.5.1/vaadin-material-theme-2.5.1.jar:/home/eric/.m2/repository/com/vaadin/vaadin-accordion-flow/14.5.1/vaadin-accordion-flow-14.5.1.jar:/home/eric/.m2/repository/org/webjars/bowergithub/vaadin/vaadin-accordion/1.2.0/vaadin-accordion-1.2.0.jar:/home/eric/.m2/repository/com/vaadin/vaadin-avatar-flow/14.5.1/vaadin-avatar-flow-14.5.1.jar:/home/eric/.m2/repository/org/webjars/bowergithub/vaadin/vaadin-avatar/1.0.4/vaadin-avatar-1.0.4.jar:/home/eric/.m2/repository/org/webjars/bowergithub/polymerelements/iron-a11y-announcer/2.1.0/iron-a11y-announcer-2.1.0.jar:/home/eric/.m2/repository/org/webjars/bowergithub/vaadin/vaadin-list-box/1.4.0/vaadin-list-box-1.4.0.jar:/home/eric/.m2/repository/org/webjars/bowergithub/vaadin/vaadin-list-mixin/2.5.1/vaadin-list-mixin-2.5.1.jar:/home/eric/.m2/repository/org/webjars/bowergithub/vaadin/vaadin-item/2.3.0/vaadin-item-2.3.0.jar:/home/eric/.m2/repository/org/webjars/bowergithub/vaadin/vaadin-overlay/3.5.1/vaadin-overlay-3.5.1.jar:/home/eric/.m2/repository/org/webjars/bowergithub/vaadin/vaadin-control-state-mixin/2.2.4/vaadin-control-state-mixin-2.2.4.jar:/home/eric/.m2/repository/com/vaadin/vaadin-button-flow/14.5.1/vaadin-button-flow-14.5.1.jar:/home/eric/.m2/repository/org/webjars/bowergithub/vaadin/vaadin-button/2.4.0/vaadin-button-2.4.0.jar:/home/eric/.m2/repository/com/vaadin/vaadin-checkbox-flow/14.5.1/vaadin-checkbox-flow-14.5.1.jar:/home/eric/.m2/repository/org/webjars/bowergithub/vaadin/vaadin-checkbox/2.5.0/vaadin-checkbox-2.5.0.jar:/home/eric/.m2/repository/com/vaadin/vaadin-combo-box-flow/14.5.1/vaadin-combo-box-flow-14.5.1.jar:/home/eric/.m2/repository/org/webjars/bowergithub/vaadin/vaadin-combo-box/5.4.7/vaadin-combo-box-5.4.7.jar:/home/eric/.m2/repository/org/webjars/bowergithub/vaadin/vaadin-text-field/2.8.4/vaadin-text-field-2.8.4.jar:/home/eric/.m2/repository/org/webjars/bowergithub/polymerelements/iron-list/2.0.20/iron-list-2.0.20.jar:/home/eric/.m2/repository/org/webjars/bowergithub/polymerelements/iron-scroll-target-behavior/2.1.1/iron-scroll-target-behavior-2.1.1.jar:/home/eric/.m2/repository/org/webjars/bowergithub/polymerelements/iron-a11y-keys-behavior/2.1.1/iron-a11y-keys-behavior-2.1.1.jar:/home/eric/.m2/repository/org/webjars/bowergithub/polymerelements/iron-overlay-behavior/2.3.4/iron-overlay-behavior-2.3.4.jar:/home/eric/.m2/repository/org/webjars/bowergithub/polymerelements/iron-fit-behavior/2.2.1/iron-fit-behavior-2.2.1.jar:/home/eric/.m2/repository/com/vaadin/vaadin-custom-field-flow/14.5.1/vaadin-custom-field-flow-14.5.1.jar:/home/eric/.m2/repository/org/webjars/bowergithub/vaadin/vaadin-custom-field/1.3.0/vaadin-custom-field-1.3.0.jar:/home/eric/.m2/repository/com/vaadin/vaadin-date-picker-flow/14.5.1/vaadin-date-picker-flow-14.5.1.jar:/home/eric/.m2/repository/org/webjars/bowergithub/vaadin/vaadin-date-picker/4.4.1/vaadin-date-picker-4.4.1.jar:/home/eric/.m2/repository/org/webjars/bowergithub/polymerelements/iron-media-query/2.1.0/iron-media-query-2.1.0.jar:/home/eric/.m2/repository/com/vaadin/vaadin-date-time-picker-flow/14.5.1/vaadin-date-time-picker-flow-14.5.1.jar:/home/eric/.m2/repository/org/webjars/bowergithub/vaadin/vaadin-date-time-picker/1.4.0/vaadin-date-time-picker-1.4.0.jar:/home/eric/.m2/repository/org/webjars/bowergithub/vaadin/vaadin-time-picker/2.4.0/vaadin-time-picker-2.4.0.jar:/home/eric/.m2/repository/com/vaadin/vaadin-details-flow/14.5.1/vaadin-details-flow-14.5.1.jar:/home/eric/.m2/repository/org/webjars/bowergithub/vaadin/vaadin-details/1.2.0/vaadin-details-1.2.0.jar:/home/eric/.m2/repository/com/vaadin/vaadin-time-picker-flow/14.5.1/vaadin-time-picker-flow-14.5.1.jar:/home/eric/.m2/repository/com/vaadin/vaadin-select-flow/14.5.1/vaadin-select-flow-14.5.1.jar:/home/eric/.m2/repository/org/webjars/bowergithub/vaadin/vaadin-select/2.4.0/vaadin-select-2.4.0.jar:/home/eric/.m2/repository/com/vaadin/vaadin-dialog-flow/14.5.1/vaadin-dialog-flow-14.5.1.jar:/home/eric/.m2/repository/org/webjars/bowergithub/vaadin/vaadin-dialog/2.5.2/vaadin-dialog-2.5.2.jar:/home/eric/.m2/repository/com/vaadin/vaadin-form-layout-flow/14.5.1/vaadin-form-layout-flow-14.5.1.jar:/home/eric/.m2/repository/org/webjars/bowergithub/vaadin/vaadin-form-layout/2.3.0/vaadin-form-layout-2.3.0.jar:/home/eric/.m2/repository/com/vaadin/vaadin-grid-flow/14.5.1/vaadin-grid-flow-14.5.1.jar:/home/eric/.m2/repository/org/webjars/bowergithub/vaadin/vaadin-grid/5.7.11/vaadin-grid-5.7.11.jar:/home/eric/.m2/repository/org/apache/commons/commons-lang3/3.11/commons-lang3-3.11.jar:/home/eric/.m2/repository/com/vaadin/vaadin-icons-flow/14.5.1/vaadin-icons-flow-14.5.1.jar:/home/eric/.m2/repository/org/webjars/bowergithub/vaadin/vaadin-icons/4.3.2/vaadin-icons-4.3.2.jar:/home/eric/.m2/repository/com/vaadin/vaadin-iron-list-flow/14.5.1/vaadin-iron-list-flow-14.5.1.jar:/home/eric/.m2/repository/com/vaadin/vaadin-list-box-flow/14.5.1/vaadin-list-box-flow-14.5.1.jar:/home/eric/.m2/repository/com/vaadin/vaadin-login-flow/14.5.1/vaadin-login-flow-14.5.1.jar:/home/eric/.m2/repository/org/webjars/bowergithub/vaadin/vaadin-login/1.2.0/vaadin-login-1.2.0.jar:/home/eric/.m2/repository/com/vaadin/vaadin-ordered-layout-flow/14.5.1/vaadin-ordered-layout-flow-14.5.1.jar:/home/eric/.m2/repository/org/webjars/bowergithub/vaadin/vaadin-ordered-layout/1.4.0/vaadin-ordered-layout-1.4.0.jar:/home/eric/.m2/repository/com/vaadin/vaadin-progress-bar-flow/14.5.1/vaadin-progress-bar-flow-14.5.1.jar:/home/eric/.m2/repository/org/webjars/bowergithub/vaadin/vaadin-progress-bar/1.3.0/vaadin-progress-bar-1.3.0.jar:/home/eric/.m2/repository/com/vaadin/vaadin-radio-button-flow/14.5.1/vaadin-radio-button-flow-14.5.1.jar:/home/eric/.m2/repository/org/webjars/bowergithub/vaadin/vaadin-radio-button/1.5.1/vaadin-radio-button-1.5.1.jar:/home/eric/.m2/repository/com/vaadin/vaadin-split-layout-flow/14.5.1/vaadin-split-layout-flow-14.5.1.jar:/home/eric/.m2/repository/org/webjars/bowergithub/vaadin/vaadin-split-layout/4.3.0/vaadin-split-layout-4.3.0.jar:/home/eric/.m2/repository/com/vaadin/vaadin-tabs-flow/14.5.1/vaadin-tabs-flow-14.5.1.jar:/home/eric/.m2/repository/org/webjars/bowergithub/vaadin/vaadin-tabs/3.2.0/vaadin-tabs-3.2.0.jar:/home/eric/.m2/repository/com/vaadin/vaadin-text-field-flow/14.5.1/vaadin-text-field-flow-14.5.1.jar:/home/eric/.m2/repository/com/vaadin/vaadin-upload-flow/14.5.1/vaadin-upload-flow-14.5.1.jar:/home/eric/.m2/repository/org/webjars/bowergithub/vaadin/vaadin-upload/4.4.1/vaadin-upload-4.4.1.jar:/home/eric/.m2/repository/com/vaadin/vaadin-notification-flow/14.5.1/vaadin-notification-flow-14.5.1.jar:/home/eric/.m2/repository/org/webjars/bowergithub/vaadin/vaadin-notification/1.6.1/vaadin-notification-1.6.1.jar:/home/eric/.m2/repository/com/vaadin/vaadin-app-layout-flow/14.5.1/vaadin-app-layout-flow-14.5.1.jar:/home/eric/.m2/repository/org/webjars/bowergithub/vaadin/vaadin-app-layout/2.2.0/vaadin-app-layout-2.2.0.jar:/home/eric/.m2/repository/com/vaadin/vaadin-context-menu-flow/14.5.1/vaadin-context-menu-flow-14.5.1.jar:/home/eric/.m2/repository/org/webjars/bowergithub/vaadin/vaadin-context-menu/4.5.0/vaadin-context-menu-4.5.0.jar:/home/eric/.m2/repository/com/vaadin/vaadin-menu-bar-flow/14.5.1/vaadin-menu-bar-flow-14.5.1.jar:/home/eric/.m2/repository/org/webjars/bowergithub/vaadin/vaadin-menu-bar/1.2.2/vaadin-menu-bar-1.2.2.jar:/home/eric/.m2/repository/org/springframework/boot/spring-boot-starter-web/2.4.4/spring-boot-starter-web-2.4.4.jar:/home/eric/.m2/repository/org/springframework/boot/spring-boot-starter-json/2.4.4/spring-boot-starter-json-2.4.4.jar:/home/eric/.m2/repository/com/fasterxml/jackson/datatype/jackson-datatype-jdk8/2.11.4/jackson-datatype-jdk8-2.11.4.jar:/home/eric/.m2/repository/com/fasterxml/jackson/datatype/jackson-datatype-jsr310/2.11.4/jackson-datatype-jsr310-2.11.4.jar:/home/eric/.m2/repository/com/fasterxml/jackson/module/jackson-module-parameter-names/2.11.4/jackson-module-parameter-names-2.11.4.jar:/home/eric/.m2/repository/org/springframework/boot/spring-boot-starter-tomcat/2.4.4/spring-boot-starter-tomcat-2.4.4.jar:/home/eric/.m2/repository/org/apache/tomcat/embed/tomcat-embed-core/9.0.44/tomcat-embed-core-9.0.44.jar:/home/eric/.m2/repository/org/glassfish/jakarta.el/3.0.3/jakarta.el-3.0.3.jar:/home/eric/.m2/repository/org/apache/tomcat/embed/tomcat-embed-websocket/9.0.44/tomcat-embed-websocket-9.0.44.jar:/home/eric/.m2/repository/org/springframework/cloud/spring-cloud-starter-openfeign/3.0.2/spring-cloud-starter-openfeign-3.0.2.jar:/home/eric/.m2/repository/org/springframework/cloud/spring-cloud-starter/3.0.2/spring-cloud-starter-3.0.2.jar:/home/eric/.m2/repository/org/springframework/cloud/spring-cloud-context/3.0.2/spring-cloud-context-3.0.2.jar:/home/eric/.m2/repository/org/springframework/security/spring-security-rsa/1.0.9.RELEASE/spring-security-rsa-1.0.9.RELEASE.jar:/home/eric/.m2/repository/org/bouncycastle/bcpkix-jdk15on/1.64/bcpkix-jdk15on-1.64.jar:/home/eric/.m2/repository/org/bouncycastle/bcprov-jdk15on/1.64/bcprov-jdk15on-1.64.jar:/home/eric/.m2/repository/org/springframework/cloud/spring-cloud-openfeign-core/3.0.2/spring-cloud-openfeign-core-3.0.2.jar:/home/eric/.m2/repository/org/springframework/boot/spring-boot-starter-aop/2.4.4/spring-boot-starter-aop-2.4.4.jar:/home/eric/.m2/repository/org/aspectj/aspectjweaver/1.9.6/aspectjweaver-1.9.6.jar:/home/eric/.m2/repository/io/github/openfeign/form/feign-form-spring/3.8.0/feign-form-spring-3.8.0.jar:/home/eric/.m2/repository/io/github/openfeign/form/feign-form/3.8.0/feign-form-3.8.0.jar:/home/eric/.m2/repository/org/springframework/spring-web/5.3.5/spring-web-5.3.5.jar:/home/eric/.m2/repository/org/springframework/spring-beans/5.3.5/spring-beans-5.3.5.jar:/home/eric/.m2/repository/org/springframework/cloud/spring-cloud-commons/3.0.2/spring-cloud-commons-3.0.2.jar:/home/eric/.m2/repository/org/springframework/security/spring-security-crypto/5.4.5/spring-security-crypto-5.4.5.jar:/home/eric/.m2/repository/io/github/openfeign/feign-core/10.10.1/feign-core-10.10.1.jar:/home/eric/.m2/repository/io/github/openfeign/feign-slf4j/10.10.1/feign-slf4j-10.10.1.jar:/home/eric/.m2/repository/org/slf4j/slf4j-api/1.7.30/slf4j-api-1.7.30.jar:/home/eric/.m2/repository/com/vaadin/vaadin-board-flow/14.5.1/vaadin-board-flow-14.5.1.jar:/home/eric/.m2/repository/com/vaadin/webjar/vaadin-board/2.2.0/vaadin-board-2.2.0.jar:/home/eric/.m2/repository/org/webjars/bowergithub/vaadin/license-checker/2.1.2/license-checker-2.1.2.jar:/home/eric/.m2/repository/org/webjars/bowergithub/polymerelements/iron-resizable-behavior/2.1.1/iron-resizable-behavior-2.1.1.jar:/home/eric/.m2/repository/org/webjars/bowergithub/polymer/polymer/2.7.0/polymer-2.7.0.jar:/home/eric/.m2/repository/org/webjars/bowergithub/webcomponents/webcomponentsjs/1.2.6/webcomponentsjs-1.2.6.jar:/home/eric/.m2/repository/org/webjars/bowergithub/webcomponents/shadycss/1.8.0/shadycss-1.8.0.jar:/home/eric/.m2/repository/org/webjars/bowergithub/vaadin/vaadin-element-mixin/2.4.2/vaadin-element-mixin-2.4.2.jar:/home/eric/.m2/repository/org/webjars/bowergithub/vaadin/vaadin-usage-statistics/2.1.0/vaadin-usage-statistics-2.1.0.jar:/home/eric/.m2/repository/org/webjars/bowergithub/vaadin/vaadin-development-mode-detector/2.0.4/vaadin-development-mode-detector-2.0.4.jar:/home/eric/.m2/repository/com/vaadin/vaadin-charts-flow/14.5.1/vaadin-charts-flow-14.5.1.jar:/home/eric/.m2/repository/com/vaadin/webjar/vaadin-charts/6.3.1/vaadin-charts-6.3.1.jar:/home/eric/.m2/repository/org/webjars/bowergithub/vaadin/vaadin-themable-mixin/1.6.2/vaadin-themable-mixin-1.6.2.jar:/home/eric/.m2/repository/com/fasterxml/jackson/core/jackson-databind/2.11.4/jackson-databind-2.11.4.jar:/home/eric/.m2/repository/com/fasterxml/jackson/core/jackson-annotations/2.11.4/jackson-annotations-2.11.4.jar:/home/eric/.m2/repository/com/fasterxml/jackson/core/jackson-core/2.11.4/jackson-core-2.11.4.jar:/home/eric/.m2/repository/com/vaadin/vaadin-cookie-consent-flow/14.5.1/vaadin-cookie-consent-flow-14.5.1.jar:/home/eric/.m2/repository/com/vaadin/webjar/vaadin-cookie-consent/1.2.0/vaadin-cookie-consent-1.2.0.jar:/home/eric/.m2/repository/org/webjars/bowergithub/insites/cookieconsent/3.1.0/cookieconsent-3.1.0.jar:/home/eric/.m2/repository/org/webjars/bowergithub/vaadin/vaadin-lumo-styles/1.6.1/vaadin-lumo-styles-1.6.1.jar:/home/eric/.m2/repository/org/webjars/bowergithub/vaadin/vaadin-material-styles/1.3.2/vaadin-material-styles-1.3.2.jar:/home/eric/.m2/repository/org/webjars/bowergithub/polymerelements/iron-icon/2.1.0/iron-icon-2.1.0.jar:/home/eric/.m2/repository/org/webjars/bowergithub/polymerelements/iron-iconset-svg/2.2.1/iron-iconset-svg-2.2.1.jar:/home/eric/.m2/repository/org/webjars/bowergithub/polymerelements/iron-flex-layout/2.0.3/iron-flex-layout-2.0.3.jar:/home/eric/.m2/repository/org/webjars/bowergithub/polymerelements/iron-meta/2.1.1/iron-meta-2.1.1.jar:/home/eric/.m2/repository/org/springframework/boot/spring-boot-devtools/2.4.4/spring-boot-devtools-2.4.4.jar:/home/eric/.m2/repository/org/springframework/boot/spring-boot/2.4.4/spring-boot-2.4.4.jar:/home/eric/.m2/repository/org/springframework/spring-context/5.3.5/spring-context-5.3.5.jar:/home/eric/.m2/repository/org/springframework/boot/spring-boot-autoconfigure/2.4.4/spring-boot-autoconfigure-2.4.4.jar:/home/eric/.m2/repository/org/projectlombok/lombok/1.18.18/lombok-1.18.18.jar:/home/eric/.m2/repository/org/springframework/boot/spring-boot-starter-test/2.4.4/spring-boot-starter-test-2.4.4.jar:/home/eric/.m2/repository/org/springframework/boot/spring-boot-starter/2.4.4/spring-boot-starter-2.4.4.jar:/home/eric/.m2/repository/org/springframework/boot/spring-boot-starter-logging/2.4.4/spring-boot-starter-logging-2.4.4.jar:/home/eric/.m2/repository/ch/qos/logback/logback-classic/1.2.3/logback-classic-1.2.3.jar:/home/eric/.m2/repository/ch/qos/logback/logback-core/1.2.3/logback-core-1.2.3.jar:/home/eric/.m2/repository/org/apache/logging/log4j/log4j-to-slf4j/2.13.3/log4j-to-slf4j-2.13.3.jar:/home/eric/.m2/repository/org/apache/logging/log4j/log4j-api/2.13.3/log4j-api-2.13.3.jar:/home/eric/.m2/repository/org/slf4j/jul-to-slf4j/1.7.30/jul-to-slf4j-1.7.30.jar:/home/eric/.m2/repository/jakarta/annotation/jakarta.annotation-api/1.3.5/jakarta.annotation-api-1.3.5.jar:/home/eric/.m2/repository/org/yaml/snakeyaml/1.27/snakeyaml-1.27.jar:/home/eric/.m2/repository/org/springframework/boot/spring-boot-test/2.4.4/spring-boot-test-2.4.4.jar:/home/eric/.m2/repository/org/springframework/boot/spring-boot-test-autoconfigure/2.4.4/spring-boot-test-autoconfigure-2.4.4.jar:/home/eric/.m2/repository/com/jayway/jsonpath/json-path/2.4.0/json-path-2.4.0.jar:/home/eric/.m2/repository/net/minidev/json-smart/2.3/json-smart-2.3.jar:/home/eric/.m2/repository/net/minidev/accessors-smart/1.2/accessors-smart-1.2.jar:/home/eric/.m2/repository/org/ow2/asm/asm/5.0.4/asm-5.0.4.jar:/home/eric/.m2/repository/jakarta/xml/bind/jakarta.xml.bind-api/2.3.3/jakarta.xml.bind-api-2.3.3.jar:/home/eric/.m2/repository/jakarta/activation/jakarta.activation-api/1.2.2/jakarta.activation-api-1.2.2.jar:/home/eric/.m2/repository/org/assertj/assertj-core/3.18.1/assertj-core-3.18.1.jar:/home/eric/.m2/repository/org/hamcrest/hamcrest/2.2/hamcrest-2.2.jar:/home/eric/.m2/repository/org/junit/jupiter/junit-jupiter/5.7.1/junit-jupiter-5.7.1.jar:/home/eric/.m2/repository/org/junit/jupiter/junit-jupiter-api/5.7.1/junit-jupiter-api-5.7.1.jar:/home/eric/.m2/repository/org/apiguardian/apiguardian-api/1.1.0/apiguardian-api-1.1.0.jar:/home/eric/.m2/repository/org/opentest4j/opentest4j/1.2.0/opentest4j-1.2.0.jar:/home/eric/.m2/repository/org/junit/platform/junit-platform-commons/1.7.1/junit-platform-commons-1.7.1.jar:/home/eric/.m2/repository/org/junit/jupiter/junit-jupiter-params/5.7.1/junit-jupiter-params-5.7.1.jar:/home/eric/.m2/repository/org/junit/jupiter/junit-jupiter-engine/5.7.1/junit-jupiter-engine-5.7.1.jar:/home/eric/.m2/repository/org/junit/platform/junit-platform-engine/1.7.1/junit-platform-engine-1.7.1.jar:/home/eric/.m2/repository/org/mockito/mockito-core/3.6.28/mockito-core-3.6.28.jar:/home/eric/.m2/repository/net/bytebuddy/byte-buddy/1.10.22/byte-buddy-1.10.22.jar:/home/eric/.m2/repository/net/bytebuddy/byte-buddy-agent/1.10.22/byte-buddy-agent-1.10.22.jar:/home/eric/.m2/repository/org/objenesis/objenesis/3.1/objenesis-3.1.jar:/home/eric/.m2/repository/org/mockito/mockito-junit-jupiter/3.6.28/mockito-junit-jupiter-3.6.28.jar:/home/eric/.m2/repository/org/skyscreamer/jsonassert/1.5.0/jsonassert-1.5.0.jar:/home/eric/.m2/repository/com/vaadin/external/google/android-json/0.0.20131108.vaadin1/android-json-0.0.20131108.vaadin1.jar:/home/eric/.m2/repository/org/springframework/spring-core/5.3.5/spring-core-5.3.5.jar:/home/eric/.m2/repository/org/springframework/spring-jcl/5.3.5/spring-jcl-5.3.5.jar:/home/eric/.m2/repository/org/springframework/spring-test/5.3.5/spring-test-5.3.5.jar:/home/eric/.m2/repository/org/xmlunit/xmlunit-core/2.7.0/xmlunit-core-2.7.0.jar:"/>
    <property name="sun.cpu.endian" value="little"/>
    <property name="user.home" value="/home/eric"/>
    <property name="user.language" value="en"/>
    <property name="java.specification.vendor" value="Oracle Corporation"/>
    <property name="java.home" value="/usr/lib/jvm/java-8-openjdk-amd64/jre"/>
    <property name="basedir" value="/home/eric/Downloads/manual"/>
    <property name="file.separator" value="/"/>
    <property name="line.separator" value="&#10;"/>
    <property name="java.vm.specification.vendor" value="Oracle Corporation"/>
    <property name="java.specification.name" value="Java Platform API Specification"/>
    <property name="java.awt.graphicsenv" value="sun.awt.X11GraphicsEnvironment"/>
    <property name="surefire.real.class.path" value="/home/eric/Downloads/manual/target/surefire/surefirebooter3897677334733819185.jar"/>
    <property name="sun.boot.class.path" value="/usr/lib/jvm/java-8-openjdk-amd64/jre/lib/resources.jar:/usr/lib/jvm/java-8-openjdk-amd64/jre/lib/rt.jar:/usr/lib/jvm/java-8-openjdk-amd64/jre/lib/sunrsasign.jar:/usr/lib/jvm/java-8-openjdk-amd64/jre/lib/jsse.jar:/usr/lib/jvm/java-8-openjdk-amd64/jre/lib/jce.jar:/usr/lib/jvm/java-8-openjdk-amd64/jre/lib/charsets.jar:/usr/lib/jvm/java-8-openjdk-amd64/jre/lib/jfr.jar:/usr/lib/jvm/java-8-openjdk-amd64/jre/classes"/>
    <property name="sun.management.compiler" value="HotSpot 64-Bit Tiered Compilers"/>
    <property name="java.runtime.version" value="1.8.0_282-8u282-b08-0ubuntu1~20.10-b08"/>
    <property name="user.name" value="eric"/>
    <property name="path.separator" value=":"/>
    <property name="os.version" value="5.8.0-7642-generic"/>
    <property name="java.endorsed.dirs" value="/usr/lib/jvm/java-8-openjdk-amd64/jre/lib/endorsed"/>
    <property name="java.runtime.name" value="OpenJDK Runtime Environment"/>
    <property name="file.encoding" value="UTF-8"/>
    <property name="java.vm.name" value="OpenJDK 64-Bit Server VM"/>
    <property name="localRepository" value="/home/eric/.m2/repository"/>
    <property name="java.vendor.url.bug" value="http://bugreport.sun.com/bugreport/"/>
    <property name="java.io.tmpdir" value="/tmp"/>
    <property name="java.version" value="1.8.0_282"/>
    <property name="user.dir" value="/home/eric/Downloads/manual"/>
    <property name="os.arch" value="amd64"/>
    <property name="java.vm.specification.name" value="Java Virtual Machine Specification"/>
    <property name="java.awt.printerjob" value="sun.print.PSPrinterJob"/>
    <property name="sun.os.patch.level" value="unknown"/>
    <property name="java.library.path" value="/usr/java/packages/lib/amd64:/usr/lib/x86_64-linux-gnu/jni:/lib/x86_64-linux-gnu:/usr/lib/x86_64-linux-gnu:/usr/lib/jni:/lib:/usr/lib"/>
    <property name="java.vm.info" value="mixed mode"/>
    <property name="java.vendor" value="Private Build"/>
    <property name="java.vm.version" value="25.282-b08"/>
    <property name="java.ext.dirs" value="/usr/lib/jvm/java-8-openjdk-amd64/jre/lib/ext:/usr/java/packages/lib/ext"/>
    <property name="sun.io.unicode.encoding" value="UnicodeLittle"/>
    <property name="java.class.version" value="52.0"/>
  </properties>
  <testcase name="contextLoads" classname="com.example.demo.DemoApplicationTests" time="0.404"/>
</testsuite>